make all --print-data-base --no-builtin-variables --no-builtin-rules --question
# GNU Make 3.81
# Copyright (C) 2006  Free Software Foundation, Inc.
# This is free software; see the source for copying conditions.
# There is NO warranty; not even for MERCHANTABILITY or FITNESS FOR A
# PARTICULAR PURPOSE.

# This program built for i386-apple-darwin11.3.0
 
error: failed to parse manifest at `/Users/shazaibn/Dev/query-comp/Cargo.toml`

Caused by:

  package name cannot be an empty string


# Make data base, printed on Fri Aug 12 11:54:18 2022

# Variables

# automatic
<D = $(patsubst %/,%,$(dir $<))
# automatic
?F = $(notdir $?)
# environment
ELECTRON_NO_ATTACH_CONSOLE = 1
# makefile (from `makefiles/common/Makefile.prelude', line 2)
MAKEFILE_DIR := /Users/shazaibn/Dev/query-comp/makefiles/common/..
# makefile (from `/Users/shazaibn/Dev/query-comp/makefiles/common/../common/Makefile.common-collection', line 1)
COMPONENTS := 
 
# environment
VSCODE_LOG_NATIVE = false
# makefile (from `/Users/shazaibn/Dev/query-comp/makefiles/common/../common/Makefile.common', line 17)
INTERFACE := ./interface.json
# makefile (from `/Users/shazaibn/Dev/query-comp/makefiles/common/../common/Makefile.common-wasm', line 8)
TARGET = wasm32-unknown-unknown
# automatic
?D = $(patsubst %/,%,$(dir $?))
# automatic
@D = $(patsubst %/,%,$(dir $@))
# automatic
@F = $(notdir $@)
# makefile
CURDIR := /Users/shazaibn/Dev/query-comp
# makefile (from `makefiles/common/Makefile.prelude', line 20)
SHELL := bash
# environment
VSCODE_NLS_CONFIG = {"locale":"en-us","availableLanguages":{},"_languagePackSupport":true}
# environment
_ = /usr/bin/make
# makefile (from `/Users/shazaibn/Dev/query-comp/makefiles/common/../common/Makefile.postlude', line 1)
MAKEFILE_LIST :=  Makefile makefiles/common/Makefile.prelude makefiles/Makefile.ephemeral-wasm /Users/shazaibn/Dev/query-comp/makefiles/common/../common/Makefile.common /Users/shazaibn/Dev/query-comp/makefiles/common/../common/Makefile.common-wellknown-false /Users/shazaibn/Dev/query-comp/makefiles/common/../common/Makefile.common-ephemeral /Users/shazaibn/Dev/query-comp/makefiles/common/../common/Makefile.common-collection /Users/shazaibn/Dev/query-comp/makefiles/common/../common/Makefile.common-wasm /Users/shazaibn/Dev/query-comp/makefiles/common/../common/Makefile.common-post /Users/shazaibn/Dev/query-comp/makefiles/common/../common/Makefile.postlude
# makefile (from `/Users/shazaibn/Dev/query-comp/makefiles/common/../common/Makefile.common-collection', line 20)
CODEGEN_FILES := ./src/components.rs ./interface.json ./src/components.rs 
# makefile (from `/Users/shazaibn/Dev/query-comp/makefiles/common/../common/Makefile.common', line 10)
CRATE_FS_NAME := 
# makefile (from `/Users/shazaibn/Dev/query-comp/makefiles/common/../common/Makefile.common', line 12)
CRATE_VERSION := 0.0.0
# environment
VSCODE_VERBOSE_LOGGING = true
# environment
__CFBundleIdentifier = com.microsoft.VSCode
# environment
INFOPATH = /opt/homebrew/share/info:
# makefile (from `/Users/shazaibn/Dev/query-comp/makefiles/common/../common/Makefile.common-wasm', line 6)
SIGNED_ARTIFACT := build/.signed.wasm
# environment
VSCODE_IPC_HOOK_EXTHOST = /var/folders/q7/0txsw_t53z5d8x_gyydlq9z80000gn/T/vscode-ipc-e2e4c348-d506-489a-aaee-30eb4d72bf1d.sock
# environment
VSCODE_CWD = /Users/shazaibn/Dev/query-comp
# makefile (from `/Users/shazaibn/Dev/query-comp/makefiles/common/../common/Makefile.common', line 1)
COMPONENTS_DIR := ./src/components
# environment
PATH = /opt/homebrew/bin:/opt/homebrew/sbin:/usr/local/bin:/usr/bin:/bin:/usr/sbin:/sbin:/Users/shazaibn/.cargo/bin
# makefile (from `/Users/shazaibn/Dev/query-comp/makefiles/common/../common/Makefile.postlude', line 2)
COLOR_GREEN := \033[92m
# environment
LSCOLORS = Gxfxcxdxbxegedabagacad
# makefile (from `/Users/shazaibn/Dev/query-comp/makefiles/common/../common/Makefile.common', line 22)
CODEGEN := wasmflow-codegen
# makefile (from `/Users/shazaibn/Dev/query-comp/makefiles/common/../common/Makefile.common', line 23)
WAFL = wafl
# environment
LaunchInstanceID = 4778B196-119B-40D4-9805-5B6717C36AB1
# makefile (from `makefiles/common/Makefile.prelude', line 1)
COMMON_PATH := /Users/shazaibn/Dev/query-comp/makefiles/common/Makefile.prelude
# environment
VSCODE_LOG_STACK = false
# environment
ELECTRON_RUN_AS_NODE = 1
# default
.FEATURES := target-specific order-only second-expansion else-if archives jobserver check-symlink
# environment
SSH_AUTH_SOCK = /private/tmp/com.apple.launchd.V76cZzB1x3/Listeners
# automatic
%F = $(notdir $%)
# makefile (from `/Users/shazaibn/Dev/query-comp/makefiles/common/../common/Makefile.postlude', line 3)
COLOR_RED := \033[91m
# makefile (from `/Users/shazaibn/Dev/query-comp/makefiles/common/../common/Makefile.common-wellknown-false', line 5)
SCHEMAS = $(wildcard ${SCHEMA_DIR}/*.apex)
# environment
SQLITE_EXEMPT_PATH_FROM_VNODE_GUARDS = /Users/shazaibn/Library/WebKit/Databases
# environment
VSCODE_PIPE_LOGGING = true
# makefile (from `/Users/shazaibn/Dev/query-comp/makefiles/common/../common/Makefile.common', line 14)
WORKSPACE_ROOT := 
# environment
PWD = /Users/shazaibn/dev/query-comp
# environment
HOMEBREW_CELLAR = /opt/homebrew/Cellar
# makefile (from `/Users/shazaibn/Dev/query-comp/makefiles/common/../common/Makefile.common-wasm', line 10)
CLEAN_FILES := ./src/components.rs ./interface.json ./src/components.rs build/.wasm build/.signed.wasm
# environment
ORIGINAL_XDG_CURRENT_DESKTOP = undefined
# makefile (from `/Users/shazaibn/Dev/query-comp/makefiles/common/../common/Makefile.common-collection', line 6)
SOURCE_FILES := ./src/components.rs ./src/lib.rs  ./schemas/my-component.apex ./interface.json ./src/components.rs 
# environment
MANPATH = /opt/homebrew/share/man::
# environment
VSCODE_AMD_ENTRYPOINT = vs/workbench/api/node/extensionHostProcess
# environment
HOME = /Users/shazaibn
# default
MAKEFILEPATH = $(shell /usr/bin/xcode-select -print-path 2>/dev/null || echo /Developer)/Makefiles
# environment
VSCODE_CLI = 1
# environment
VSCODE_CODE_CACHE_PATH = /Users/shazaibn/Library/Application Support/Code/CachedData/30d9c6cd9483b2cc586687151bcbcd635f373630
# environment
LOGNAME = shazaibn
# environment
APPLICATION_INSIGHTS_NO_DIAGNOSTIC_CHANNEL = 1
# environment
ZSH = /Users/shazaibn/.oh-my-zsh
# environment
VSCODE_HANDLES_UNCAUGHT_ERRORS = true
# automatic
^D = $(patsubst %/,%,$(dir $^))
# makefile (from `makefiles/common/Makefile.prelude', line 21)
MKDIR := mkdir -p
# environment
XPC_FLAGS = 0x0
# environment
COLORTERM = truecolor
# default
MAKE = $(MAKE_COMMAND)
# environment
LC_TERMINAL = iTerm2
# environment
SHLVL = 3
# default
MAKE_VERSION := 3.81
# makefile (from `/Users/shazaibn/Dev/query-comp/makefiles/common/../common/Makefile.common', line 2)
GENERATED_MODULE := ./src/components.rs
# environment
USER = shazaibn
# makefile (from `makefiles/common/Makefile.prelude', line 4)
.DEFAULT_GOAL := all
# default
MAKECMDGOALS := all
# environment
TERM_SESSION_ID = w0t0p0:E6D96609-DD6F-4716-B19F-D9E715614997
# makefile (from `/Users/shazaibn/Dev/query-comp/makefiles/common/../common/Makefile.common-wasm', line 2)
ARTIFACT_DIR := build/
# environment
LESS = -R
# automatic
%D = $(patsubst %/,%,$(dir $%))
# makefile (from `/Users/shazaibn/Dev/query-comp/makefiles/common/../common/Makefile.common-wellknown-false', line 3)
SCHEMA_DIR := ./schemas
# makefile (from `/Users/shazaibn/Dev/query-comp/makefiles/common/../common/Makefile.common-collection', line 4)
COMPONENT_FILES := 
# makefile (from `/Users/shazaibn/Dev/query-comp/makefiles/common/../common/Makefile.common-wellknown-false', line 1)
WELLKNOWN = 
# default
MAKE_COMMAND := /Library/Developer/CommandLineTools/usr/bin/make
# makefile (from `/Users/shazaibn/Dev/query-comp/makefiles/common/../common/Makefile.common-ephemeral', line 1)
STATEFUL = 
# environment
TERM_PROGRAM = iTerm.app
# default
.VARIABLES := 
# makefile (from `/Users/shazaibn/Dev/query-comp/makefiles/common/../common/Makefile.postlude', line 4)
COLOR_OFF = \033[0m
# environment
TMPDIR = /var/folders/q7/0txsw_t53z5d8x_gyydlq9z80000gn/T/
# automatic
*F = $(notdir $*)
# makefile (from `makefiles/common/Makefile.prelude', line 9)
_OS := ""
# environment
VSCODE_IPC_HOOK = /Users/shazaibn/Library/Application Support/Code/1.68.1-main.sock
# makefile
MAKEFLAGS =  --warn-undefined-variables -Rrqp
# makefile (from `/Users/shazaibn/Dev/query-comp/makefiles/common/../common/Makefile.common-collection', line 21)
RUST_SOURCES := ./src/lib.rs  
# environment
MFLAGS = - --warn-undefined-variables -Rrqp
# automatic
*D = $(patsubst %/,%,$(dir $*))
# environment
TERM_PROGRAM_VERSION = 3.4.16
# makefile (from `makefiles/common/Makefile.prelude', line 23)
.SHELLFLAGS := -eu -o pipefail -c
# environment
XPC_SERVICE_NAME = application.com.microsoft.VSCode.1152674.1152680.853FBBC9-777E-42D0-81EB-F903CD5AAC12
# environment
LC_TERMINAL_VERSION = 3.4.16
# environment
HOMEBREW_PREFIX = /opt/homebrew
# automatic
+D = $(patsubst %/,%,$(dir $+))
# automatic
+F = $(notdir $+)
# environment
ITERM_SESSION_ID = w0t0p0:E6D96609-DD6F-4716-B19F-D9E715614997
# environment
HOMEBREW_REPOSITORY = /opt/homebrew
# environment
 
COLORFGBG = 7;0
# environment
__CF_USER_TEXT_ENCODING = 0x1F5:0x0:0x0
# environment
COMMAND_MODE = unix2003
# default
MAKEFILES := 
# makefile (from `/Users/shazaibn/Dev/query-comp/makefiles/common/../common/Makefile.common-wasm', line 4)
BUILD_ARTIFACT := build/.wasm
# automatic
<F = $(notdir $<)
# environment
ITERM_PROFILE = Default
# environment
PAGER = less
# environment
LC_ALL = C
# environment
SECURITYSESSIONID = 186b3
# automatic
^F = $(notdir $^)
# default
SUFFIXES := 
# environment
MAKELEVEL := 0
# environment
LANG = C
# environment
TERM = xterm-256color
# makefile (from `/Users/shazaibn/Dev/query-comp/makefiles/common/../common/Makefile.common', line 8)
CRATE_NAME := 
# environment
VSCODE_PID = 569
# variable set hash-table stats:
# Load=116/1024=11%, Rehash=0, Collisions=16/252=6%

# Pattern-specific Variable Values

# No pattern-specific variable values.

# Directories

# . (device 16777233, inode 5913225): 12 files, no impossibilities.
# ./src/lib.rs (device 16777233, inode 5913313): could not be opened.
# ./src (device 16777233, inode 5913312): 3 files, no impossibilities.
# ./schemas (device 16777233, inode 5913310): 3 files, no impossibilities.

# 18 files, no impossibilities in 4 directories.

# Implicit Rules

# No implicit rules.

# Files

build/.signed.wasm: build/.wasm
#  Implicit rule search has not been done.
#  File does not exist.
#  File has been updated.
#  Needs to be updated (-q is set).
# variable set hash-table stats:
# Load=0/32=0%, Rehash=0, Collisions=0/6=0%
#  commands to execute (from `/Users/shazaibn/Dev/query-comp/makefiles/common/../common/Makefile.common-wasm', line 20):
	@echo Signing $(BUILD_ARTIFACT)
	@$(WAFL) wasm sign $(BUILD_ARTIFACT) $(INTERFACE) --ver=$(CRATE_VERSION) --rev=0
	@echo Created $(SIGNED_ARTIFACT)
	

# Not a target:
schemas/my-component.apex:
#  Implicit rule search has been done.
#  Last modified 2022-08-12 11:53:31
#  File has been updated.
#  Successfully updated.
# variable set hash-table stats:
# Load=0/32=0%, Rehash=0, Collisions=0/0=0%

# Not a target:
makefiles/common/Makefile.prelude:
#  Implicit rule search has been done.
#  Last modified 2022-08-12 11:53:31
#  File has been updated.
#  Successfully updated.
# variable set hash-table stats:
# Load=0/32=0%, Rehash=0, Collisions=0/0=0%

src/components.rs: interface.json
#  Implicit rule search has not been done.
#  Modification time never checked.
#  File has not been updated.
#  commands to execute (from `/Users/shazaibn/Dev/query-comp/makefiles/common/../common/Makefile.common-collection', line 9):
	@echo Generating $@
	$(CODEGEN) rust integration $< $(STATEFUL) $(WELLKNOWN) -f -o $@
	

build/.wasm: interface.json src/components.rs src/lib.rs components
#  Implicit rule search has not been done.
#  File does not exist.
#  File has been updated.
#  Needs to be updated (-q is set).
# variable set hash-table stats:
# Load=0/32=0%, Rehash=0, Collisions=0/6=0%
#  commands to execute (from `/Users/shazaibn/Dev/query-comp/makefiles/common/../common/Makefile.common-wasm', line 13):
	@$(MKDIR) $(ARTIFACT_DIR)
	@echo Building artifact
	cargo build --target $(TARGET) --release
	@echo Copying binary to $(BUILD_ARTIFACT)
	@cp $(WORKSPACE_ROOT)/target/$(TARGET)/release/$(CRATE_FS_NAME).wasm build/
	

all: build
#  Phony target (prerequisite of .PHONY).
#  Command-line target.
#  Implicit rule search has not been done.
#  File does not exist.
#  File has been updated.
#  Needs to be updated (-q is set).
# variable set hash-table stats:
# Load=0/32=0%, Rehash=0, Collisions=0/6=0%

.PHONY: all list components clean codegen doc help debug build test
#  Implicit rule search has not been done.
#  Modification time never checked.
#  File has not been updated.

.phony: check
#  Implicit rule search has not been done.
#  Modification time never checked.
#  File has not been updated.

# Not a target:
/Users/shazaibn/Dev/query-comp/makefiles/common/../common/Makefile.common:
#  Implicit rule search has been done.
#  Last modified 2022-08-12 11:53:31
#  File has been updated.
#  Successfully updated.
# variable set hash-table stats:
# Load=0/32=0%, Rehash=0, Collisions=0/0=0%

# Not a target:
.SUFFIXES:
#  Implicit rule search has not been done.
#  Modification time never checked.
#  File has not been updated.

# Not a target:
/Users/shazaibn/Dev/query-comp/makefiles/common/../common/Makefile.common-collection:
#  Implicit rule search has been done.
#  Last modified 2022-08-12 11:53:31
#  File has been updated.
#  Successfully updated.
# variable set hash-table stats:
# Load=0/32=0%, Rehash=0, Collisions=0/0=0%

# Not a target:
Makefile:
#  Implicit rule search has been done.
#  Last modified 2022-08-12 11:53:31
#  File has been updated.
#  Successfully updated.
# variable set hash-table stats:
# Load=0/32=0%, Rehash=0, Collisions=0/0=0%

components: interface.json
#  Phony target (prerequisite of .PHONY).
#  Implicit rule search has not been done.
#  File does not exist.
#  File has not been updated.
#  commands to execute (from `/Users/shazaibn/Dev/query-comp/makefiles/common/../common/Makefile.common-collection', line 14):
	$(MKDIR) $(COMPONENTS_DIR)
	$(CODEGEN) rust component $(INTERFACE) --all $(STATEFUL) $(WELLKNOWN) -o $(COMPONENTS_DIR)
	

debug:
#  Phony target (prerequisite of .PHONY).
#  Implicit rule search has not been done.
#  File does not exist.
#  File has not been updated.
#  commands to execute (from `/Users/shazaibn/Dev/query-comp/makefiles/common/../common/Makefile.postlude', line 8):
	@echo -e "$(COLOR_GREEN)Crate name:$(COLOR_OFF) $(CRATE_NAME)"
	@echo -e "$(COLOR_GREEN)Crate name (fs):$(COLOR_OFF) $(CRATE_FS_NAME)"
	@echo -e "$(COLOR_GREEN)Crate version:$(COLOR_OFF) $(CRATE_VERSION)"
	@echo -e "$(COLOR_GREEN)Workspace root:$(COLOR_OFF) $(WORKSPACE_ROOT)"
	@echo -e "$(COLOR_RED)----$(COLOR_OFF)"
	@echo -e "$(COLOR_GREEN)Schemas:$(COLOR_OFF) $(SCHEMAS)"
	@echo -e "$(COLOR_GREEN)Components:$(COLOR_OFF) $(COMPONENTS)"
	@echo -e "$(COLOR_GREEN)Component files:$(COLOR_OFF) $(COMPONENT_FILES)"
	@echo -e "$(COLOR_GREEN)Rust source files:$(COLOR_OFF)"
	@echo "$(RUST_SOURCES)"
	@echo -e "$(COLOR_GREEN)All source files:$(COLOR_OFF)"
	@echo "$(SOURCE_FILES)"
	@echo -e "$(COLOR_GREEN)Generated files:$(COLOR_OFF)"
	@echo "$(CODEGEN_FILES)"
	@echo -e "$(COLOR_RED)----$(COLOR_OFF)"
	@echo -e "$(COLOR_GREEN)Makefile list:$(COLOR_OFF)"
	@echo $(MAKEFILE_LIST)
	@echo -e "$(COLOR_GREEN)Common makefile directory:$(COLOR_OFF) $(MAKEFILE_DIR)"
	

test: build
#  Phony target (prerequisite of .PHONY).
#  Implicit rule search has not been done.
#  File does not exist.
#  File has not been updated.
#  commands to execute (from `makefiles/Makefile.ephemeral-wasm', line 16):
	cargo test
	

build: build/.signed.wasm
#  Phony target (prerequisite of .PHONY).
#  Implicit rule search has not been done.
#  File does not exist.
#  File has been updated.
#  Needs to be updated (-q is set).
# variable set hash-table stats:
# Load=0/32=0%, Rehash=0, Collisions=0/6=0%

help:
#  Phony target (prerequisite of .PHONY).
#  Implicit rule search has not been done.
#  File does not exist.
#  File has not been updated.
#  commands to execute (from `/Users/shazaibn/Dev/query-comp/makefiles/common/../common/Makefile.common-post', line 17):
	@awk 'BEGIN {FS = ":.*##"; printf "\nUsage:\n  make \033[36m<target>\033[0m\n"} /^[a-zA-Z0-9_\-.*]+:.*?##/ { printf "  \033[36m%-32s\033[0m %s\n", $$1, $$2 } /^##@/ { printf "\n\033[1m%s\033[0m\n", substr($$0, 5) } ' $(MAKEFILE_LIST)
	

# Not a target:
.DEFAULT:
#  Implicit rule search has not been done.
#  Modification time never checked.
#  File has not been updated.

clean:
#  Phony target (prerequisite of .PHONY).
#  Implicit rule search has not been done.
#  File does not exist.
#  File has not been updated.
#  commands to execute (from `/Users/shazaibn/Dev/query-comp/makefiles/common/../common/Makefile.common-post', line 3):
	@rm -f $(CLEAN_FILES)
	

list:
#  Phony target (prerequisite of .PHONY).
#  Implicit rule search has not been done.
#  File does not exist.
#  File has not been updated.
#  commands to execute (from `/Users/shazaibn/Dev/query-comp/makefiles/common/../common/Makefile.common-wellknown-false', line 19):
 
	@echo $(SCHEMAS)
	

# Not a target:
makefiles/Makefile.ephemeral-wasm:
#  Implicit rule search has been done.
#  Last modified 2022-08-12 11:53:31
#  File has been updated.
#  Successfully updated.
# variable set hash-table stats:
# Load=0/32=0%, Rehash=0, Collisions=0/0=0%

codegen: src/components.rs interface.json src/components.rs
#  Phony target (prerequisite of .PHONY).
#  Implicit rule search has not been done.
#  File does not exist.
#  File has not been updated.
#  commands to execute (from `/Users/shazaibn/Dev/query-comp/makefiles/common/../common/Makefile.common-post', line 7):
	@cargo +nightly fmt
	

# Not a target:
/Users/shazaibn/Dev/query-comp/makefiles/common/../common/Makefile.common-wasm:
#  Implicit rule search has been done.
#  Last modified 2022-08-12 11:53:31
#  File has been updated.
#  Successfully updated.
# variable set hash-table stats:
# Load=0/32=0%, Rehash=0, Collisions=0/0=0%

interface.json: schemas/my-component.apex
#  Implicit rule search has not been done.
#  Implicit/static pattern stem: `'
#  File does not exist.
#  File has been updated.
#  Needs to be updated (-q is set).
# automatic
# @ := interface.json
# automatic
# % := 
# automatic
# * := 
# automatic
# + := schemas/my-component.apex
# automatic
# | := 
# automatic
# < := schemas/my-component.apex
# automatic
# ^ := schemas/my-component.apex
# automatic
# ? := schemas/my-component.apex
# variable set hash-table stats:
# Load=8/32=25%, Rehash=0, Collisions=2/16=12%
#  commands to execute (from `/Users/shazaibn/Dev/query-comp/makefiles/common/../common/Makefile.common-wellknown-false', line 14):
	@echo Building $@ from schemas in $(SCHEMA_DIR)
	@$(CODEGEN) json interface "$(CRATE_NAME)" $(SCHEMA_DIR) -o $@ -f
	

# Not a target:
/Users/shazaibn/Dev/query-comp/makefiles/common/../common/Makefile.common-wellknown-false:
#  Implicit rule search has been done.
#  Last modified 2022-08-12 11:53:31
#  File has been updated.
#  Successfully updated.
# variable set hash-table stats:
# Load=0/32=0%, Rehash=0, Collisions=0/0=0%

# Not a target:
/Users/shazaibn/Dev/query-comp/makefiles/common/../common/Makefile.postlude:
#  Implicit rule search has been done.
#  Last modified 2022-08-12 11:53:31
#  File has been updated.
#  Successfully updated.
# variable set hash-table stats:
# Load=0/32=0%, Rehash=0, Collisions=0/0=0%

check:
#  Implicit rule search has not been done.
#  Modification time never checked.
#  File has not been updated.
#  commands to execute (from `/Users/shazaibn/Dev/query-comp/makefiles/common/../common/Makefile.common-wasm', line 26):
	cargo check --target=wasm32-wasi
	

# Not a target:
/Users/shazaibn/Dev/query-comp/makefiles/common/../common/Makefile.common-post:
#  Implicit rule search has been done.
#  Last modified 2022-08-12 11:53:31
#  File has been updated.
#  Successfully updated.
# variable set hash-table stats:
# Load=0/32=0%, Rehash=0, Collisions=0/0=0%

# Not a target:
src/lib.rs:
#  Implicit rule search has not been done.
#  Modification time never checked.
#  File has not been updated.

doc:
#  Phony target (prerequisite of .PHONY).
#  Implicit rule search has not been done.
#  File does not exist.
#  File has not been updated.
#  commands to execute (from `/Users/shazaibn/Dev/query-comp/makefiles/common/../common/Makefile.common-post', line 11):
	@echo Unimplemented
	

# Not a target:
/Users/shazaibn/Dev/query-comp/makefiles/common/../common/Makefile.common-ephemeral:
#  Implicit rule search has been done.
#  Last modified 2022-08-12 11:53:31
#  File has been updated.
#  Successfully updated.
# variable set hash-table stats:
# Load=0/32=0%, Rehash=0, Collisions=0/0=0%

# files hash-table stats:
# Load=31/1024=3%, Rehash=0, Collisions=2/88=2%
# VPATH Search Paths

# No `vpath' search paths.

# No general (`VPATH' variable) search path.

# # of strings in strcache: 10
# # of strcache buffers: 1
# strcache size: total = 4096 / max = 4096 / min = 4096 / avg = 4096
# strcache free: total = 3452 / max = 3452 / min = 3452 / avg = 3452

# Finished Make data base on Fri Aug 12 11:54:18 2022

 
